<?xml version="1.0" encoding="UTF-8"?>
<testng-results ignored="0" total="1" passed="1" failed="0" skipped="0">
  <reporter-output>
  </reporter-output>
  <suite started-at="2019-08-02T09:41:04Z" name="Default suite" finished-at="2019-08-02T09:41:09Z" duration-ms="5337">
    <groups>
    </groups>
    <test started-at="2019-08-02T09:41:04Z" name="Default test" finished-at="2019-08-02T09:41:09Z" duration-ms="5337">
      <class name="RestAssuredTest.TC001_GET_Request">
        <test-method signature="getweatherDetails()[pri:0, instance:RestAssuredTest.TC001_GET_Request@58ea606c]" started-at="2019-08-02T09:41:04Z" name="getweatherDetails" finished-at="2019-08-02T09:41:09Z" duration-ms="5268" status="PASS">
          <reporter-output>
          </reporter-output>
        </test-method> <!-- getweatherDetails -->
      </class> <!-- RestAssuredTest.TC001_GET_Request -->
    </test> <!-- Default test -->
  </suite> <!-- Default suite -->
</testng-results>
